<?xml version="1.0" encoding="UTF-8" ?>
<testsuite tests="7" failures="0" name="ntuc_cucumber.RunCucumberTest" time="85.886" errors="0" skipped="0">
  <properties>
[...]
</properties>
  <testcase classname="check example page" name="Eaxmple Page functionality for not tried TestCafe" time="24.032"/>
  <testcase classname="check example page" name="I have tried TestCafe functionality #1" time="12.981"/>
  <testcase classname="check example page" name="I have tried TestCafe functionality #2" time="11.039"/>
  <testcase classname="check example page" name="Checking populate button functionality" time="9.09"/>
  <testcase classname="To create profile in testcafe" name="create profile #1" time="10.603"/>
  <testcase classname="To create profile in testcafe" name="create profile #2" time="9.493"/>
  <testcase classname="To create profile in testcafe" name="create profile #3" time="8.648"/>
</testsuite>